c:\users\xp1902\desktop\grouprep\work2\work2\x64\debug\work2.pch
c:\users\xp1902\desktop\grouprep\work2\work2\x64\debug\vc141.pdb
c:\users\xp1902\desktop\grouprep\work2\work2\x64\debug\vc141.idb
c:\users\xp1902\desktop\grouprep\work2\work2\x64\debug\stdafx.obj
c:\users\xp1902\desktop\grouprep\work2\work2\x64\debug\work2.obj
c:\users\xp1902\desktop\grouprep\work2\work2\x64\debug\transform.obj
c:\users\xp1902\desktop\grouprep\work2\work2\x64\debug\structure.obj
c:\users\xp1902\desktop\grouprep\work2\work2\x64\debug\reconstruct.obj
c:\users\xp1902\desktop\grouprep\work2\work2\x64\debug\mask.obj
c:\users\xp1902\desktop\grouprep\work2\work2\x64\debug\featurematch.obj
c:\users\xp1902\desktop\grouprep\work2\work2\x64\debug\calrandtpluscolor.obj
c:\users\xp1902\desktop\grouprep\work2\x64\debug\work2.exe
c:\users\xp1902\desktop\grouprep\work2\x64\debug\work2.ilk
c:\users\xp1902\desktop\grouprep\work2\x64\debug\work2.pdb
c:\users\xp1902\desktop\grouprep\work2\work2\x64\debug\sfminfo.obj
c:\users\xp1902\desktop\grouprep\work2\work2\x64\debug\work2.obj.enc
c:\users\xp1902\desktop\grouprep\work2\work2\x64\debug\work2.tlog\cl.command.1.tlog
c:\users\xp1902\desktop\grouprep\work2\work2\x64\debug\work2.tlog\cl.read.1.tlog
c:\users\xp1902\desktop\grouprep\work2\work2\x64\debug\work2.tlog\cl.write.1.tlog
c:\users\xp1902\desktop\grouprep\work2\work2\x64\debug\work2.tlog\link.command.1.tlog
c:\users\xp1902\desktop\grouprep\work2\work2\x64\debug\work2.tlog\link.read.1.tlog
c:\users\xp1902\desktop\grouprep\work2\work2\x64\debug\work2.tlog\link.write.1.tlog
